fit_track/fitness_app/build/app/intermediates/manifest_merge_blame_file/debug/manifest-merger-blame-debug-report.txt
1<?xml version="1.0" encoding="utf-8"?>
2<manifest xmlns:android="http://schemas.android.com/apk/res/android"
3    package="com.example.fitness_app"
4    android:versionCode="1"
5    android:versionName="1.0.0" >
6
7    <uses-sdk
8        android:minSdkVersion="21"
9        android:targetSdkVersion="35" />
10    <!--
11         The INTERNET permission is required for development. Specifically,
12         the Flutter tool needs it to communicate with the running application
13         to allow setting breakpoints, to provide hot reload, etc.
14    -->
15    <uses-permission android:name="android.permission.INTERNET" />
15-->src\main\AndroidManifest.xml:8:5-66
15-->src\main\AndroidManifest.xml:8:22-64
16    <!-- Add the required permissions here -->
17    <uses-permission android:name="android.permission.ACTIVITY_RECOGNITION" />
17-->src\main\AndroidManifest.xml:4:5-78
17-->src\main\AndroidManifest.xml:4:22-76
18    <uses-permission android:name="android.permission.BODY_SENSORS" />
18-->src\main\AndroidManifest.xml:5:5-70
18-->src\main\AndroidManifest.xml:5:22-68
19    <uses-permission android:name="android.permission.ACCESS_FINE_LOCATION" />
19-->src\main\AndroidManifest.xml:6:5-78
19-->src\main\AndroidManifest.xml:6:22-76
20    <uses-permission android:name="android.permission.ACCESS_COARSE_LOCATION" />
20-->src\main\AndroidManifest.xml:7:5-80
20-->src\main\AndroidManifest.xml:7:22-78
21    <!--
22 Required to query activities that can process text, see:
23         https://developer.android.com/training/package-visibility and
24         https://developer.android.com/reference/android/content/Intent#ACTION_PROCESS_TEXT.
25
26         In particular, this is used by the Flutter engine in io.flutter.plugin.text.ProcessTextPlugin.
27    -->
28    <queries>
28-->src\main\AndroidManifest.xml:47:5-52:15
29        <intent>
29-->src\main\AndroidManifest.xml:48:9-51:18
30            <action android:name="android.intent.action.PROCESS_TEXT" />
30-->src\main\AndroidManifest.xml:49:13-72
30-->src\main\AndroidManifest.xml:49:21-70
31
32            <data android:mimeType="text/plain" />
32-->src\main\AndroidManifest.xml:50:13-50
32-->src\main\AndroidManifest.xml:50:19-48
33        </intent>
34    </queries>
35
36    <uses-permission android:name="android.permission.WAKE_LOCK" />
36-->[:firebase_messaging] AndroidManifest.xml:8:5-68
36-->[:firebase_messaging] AndroidManifest.xml:8:22-65
37    <uses-permission android:name="android.permission.ACCESS_NETWORK_STATE" /> <!-- Permissions options for the `notification` group -->
37-->[:firebase_messaging] AndroidManifest.xml:9:5-79
37-->[:firebase_messaging] AndroidManifest.xml:9:22-76
38    <uses-permission android:name="android.permission.POST_NOTIFICATIONS" /> <!-- Required by older versions of Google Play services to create IID tokens -->
38-->[:firebase_messaging] AndroidManifest.xml:11:5-77
38-->[:firebase_messaging] AndroidManifest.xml:11:22-74
39    <uses-permission android:name="com.google.android.c2dm.permission.RECEIVE" />
39-->[com.google.firebase:firebase-iid:21.1.0] AndroidManifest.xml:26:5-82
39-->[com.google.firebase:firebase-iid:21.1.0] AndroidManifest.xml:26:22-79
40    <uses-permission android:name="com.google.android.providers.gsf.permission.READ_GSERVICES" />
40-->[com.google.android.recaptcha:recaptcha:18.4.0] AndroidManifest.xml:9:5-98
40-->[com.google.android.recaptcha:recaptcha:18.4.0] AndroidManifest.xml:9:22-95
41
42    <permission
42-->[androidx.core:core:1.13.1] AndroidManifest.xml:22:5-24:47
43        android:name="com.example.fitness_app.DYNAMIC_RECEIVER_NOT_EXPORTED_PERMISSION"
43-->[androidx.core:core:1.13.1] AndroidManifest.xml:23:9-81
44        android:protectionLevel="signature" />
44-->[androidx.core:core:1.13.1] AndroidManifest.xml:24:9-44
45
46    <uses-permission android:name="com.example.fitness_app.DYNAMIC_RECEIVER_NOT_EXPORTED_PERMISSION" />
46-->[androidx.core:core:1.13.1] AndroidManifest.xml:26:5-97
46-->[androidx.core:core:1.13.1] AndroidManifest.xml:26:22-94
47
48    <application
49        android:name="android.app.Application"
50        android:appComponentFactory="androidx.core.app.CoreComponentFactory"
50-->[androidx.core:core:1.13.1] AndroidManifest.xml:28:18-86
51        android:debuggable="true"
52        android:extractNativeLibs="true"
53        android:icon="@mipmap/ic_launcher"
54        android:label="FitTrack" >
55        <activity
56            android:name="com.example.fitness_app.MainActivity"
57            android:configChanges="orientation|keyboardHidden|keyboard|screenSize|smallestScreenSize|locale|layoutDirection|fontScale|screenLayout|density|uiMode"
58            android:exported="true"
59            android:hardwareAccelerated="true"
60            android:launchMode="singleTop"
61            android:taskAffinity=""
62            android:theme="@style/LaunchTheme"
63            android:windowSoftInputMode="adjustResize" >
64
65            <!--
66                 Specifies an Android theme to apply to this Activity as soon as
67                 the Android process has started. This theme is visible to the user
68                 while the Flutter UI initializes. After that, this theme continues
69                 to determine the Window background behind the Flutter UI.
70            -->
71            <meta-data
72                android:name="io.flutter.embedding.android.NormalTheme"
73                android:resource="@style/NormalTheme" />
74
75            <intent-filter>
76                <action android:name="android.intent.action.MAIN" />
77
78                <category android:name="android.intent.category.LAUNCHER" />
79            </intent-filter>
80        </activity>
81        <!--
82             Don't delete the meta-data below.
83             This is used by the Flutter tool to generate GeneratedPluginRegistrant.java
84        -->
85        <meta-data
86            android:name="flutterEmbedding"
87            android:value="2" />
88
89        <service
89-->[:firebase_auth] AndroidManifest.xml:8:9-12:19
90            android:name="com.google.firebase.components.ComponentDiscoveryService"
90-->[:firebase_auth] AndroidManifest.xml:8:18-89
91            android:directBootAware="true"
91-->[com.google.firebase:firebase-common:20.4.3] AndroidManifest.xml:32:13-43
92            android:exported="false" >
92-->[com.google.firebase:firebase-iid:21.1.0] AndroidManifest.xml:31:13-37
93            <meta-data
93-->[:firebase_auth] AndroidManifest.xml:9:13-11:85
94                android:name="com.google.firebase.components:io.flutter.plugins.firebase.auth.FlutterFirebaseAuthRegistrar"
94-->[:firebase_auth] AndroidManifest.xml:10:17-124
95                android:value="com.google.firebase.components.ComponentRegistrar" />
95-->[:firebase_auth] AndroidManifest.xml:11:17-82
96            <meta-data
96-->[:firebase_messaging] AndroidManifest.xml:36:13-38:85
97                android:name="com.google.firebase.components:io.flutter.plugins.firebase.messaging.FlutterFirebaseAppRegistrar"
97-->[:firebase_messaging] AndroidManifest.xml:37:17-128
98                android:value="com.google.firebase.components.ComponentRegistrar" />
98-->[:firebase_messaging] AndroidManifest.xml:38:17-82
99            <meta-data
99-->[:firebase_core] AndroidManifest.xml:9:13-11:85
100                android:name="com.google.firebase.components:io.flutter.plugins.firebase.core.FlutterFirebaseCoreRegistrar"
100-->[:firebase_core] AndroidManifest.xml:10:17-124
101                android:value="com.google.firebase.components.ComponentRegistrar" />
101-->[:firebase_core] AndroidManifest.xml:11:17-82
102            <meta-data
102-->[com.google.firebase:firebase-iid:21.1.0] AndroidManifest.xml:32:13-34:85
103                android:name="com.google.firebase.components:com.google.firebase.iid.Registrar"
103-->[com.google.firebase:firebase-iid:21.1.0] AndroidManifest.xml:33:17-96
104                android:value="com.google.firebase.components.ComponentRegistrar" />
104-->[com.google.firebase:firebase-iid:21.1.0] AndroidManifest.xml:34:17-82
105            <meta-data
105-->[com.google.firebase:firebase-auth:22.3.1] AndroidManifest.xml:69:13-71:85
106                android:name="com.google.firebase.components:com.google.firebase.auth.FirebaseAuthRegistrar"
106-->[com.google.firebase:firebase-auth:22.3.1] AndroidManifest.xml:70:17-109
107                android:value="com.google.firebase.components.ComponentRegistrar" />
107-->[com.google.firebase:firebase-auth:22.3.1] AndroidManifest.xml:71:17-82
108            <meta-data
108-->[com.google.firebase:firebase-messaging:23.4.1] AndroidManifest.xml:57:13-59:85
109                android:name="com.google.firebase.components:com.google.firebase.messaging.FirebaseMessagingKtxRegistrar"
109-->[com.google.firebase:firebase-messaging:23.4.1] AndroidManifest.xml:58:17-122
110                android:value="com.google.firebase.components.ComponentRegistrar" />
110-->[com.google.firebase:firebase-messaging:23.4.1] AndroidManifest.xml:59:17-82
111            <meta-data
111-->[com.google.firebase:firebase-messaging:23.4.1] AndroidManifest.xml:60:13-62:85
112                android:name="com.google.firebase.components:com.google.firebase.messaging.FirebaseMessagingRegistrar"
112-->[com.google.firebase:firebase-messaging:23.4.1] AndroidManifest.xml:61:17-119
113                android:value="com.google.firebase.components.ComponentRegistrar" />
113-->[com.google.firebase:firebase-messaging:23.4.1] AndroidManifest.xml:62:17-82
114            <meta-data
114-->[com.google.firebase:firebase-installations:17.2.0] AndroidManifest.xml:15:13-17:85
115                android:name="com.google.firebase.components:com.google.firebase.installations.FirebaseInstallationsKtxRegistrar"
115-->[com.google.firebase:firebase-installations:17.2.0] AndroidManifest.xml:16:17-130
116                android:value="com.google.firebase.components.ComponentRegistrar" />
116-->[com.google.firebase:firebase-installations:17.2.0] AndroidManifest.xml:17:17-82
117            <meta-data
117-->[com.google.firebase:firebase-installations:17.2.0] AndroidManifest.xml:18:13-20:85
118                android:name="com.google.firebase.components:com.google.firebase.installations.FirebaseInstallationsRegistrar"
118-->[com.google.firebase:firebase-installations:17.2.0] AndroidManifest.xml:19:17-127
119                android:value="com.google.firebase.components.ComponentRegistrar" />
119-->[com.google.firebase:firebase-installations:17.2.0] AndroidManifest.xml:20:17-82
120            <meta-data
120-->[com.google.firebase:firebase-common-ktx:20.4.3] AndroidManifest.xml:12:13-14:85
121                android:name="com.google.firebase.components:com.google.firebase.ktx.FirebaseCommonLegacyRegistrar"
121-->[com.google.firebase:firebase-common-ktx:20.4.3] AndroidManifest.xml:13:17-116
122                android:value="com.google.firebase.components.ComponentRegistrar" />
122-->[com.google.firebase:firebase-common-ktx:20.4.3] AndroidManifest.xml:14:17-82
123            <meta-data
123-->[com.google.firebase:firebase-common:20.4.3] AndroidManifest.xml:35:13-37:85
124                android:name="com.google.firebase.components:com.google.firebase.FirebaseCommonKtxRegistrar"
124-->[com.google.firebase:firebase-common:20.4.3] AndroidManifest.xml:36:17-109
125                android:value="com.google.firebase.components.ComponentRegistrar" />
125-->[com.google.firebase:firebase-common:20.4.3] AndroidManifest.xml:37:17-82
126            <meta-data
126-->[com.google.firebase:firebase-datatransport:18.1.7] AndroidManifest.xml:27:13-29:85
127                android:name="com.google.firebase.components:com.google.firebase.datatransport.TransportRegistrar"
127-->[com.google.firebase:firebase-datatransport:18.1.7] AndroidManifest.xml:28:17-115
128                android:value="com.google.firebase.components.ComponentRegistrar" />
128-->[com.google.firebase:firebase-datatransport:18.1.7] AndroidManifest.xml:29:17-82
129        </service>
130        <service
130-->[:firebase_messaging] AndroidManifest.xml:14:9-17:72
131            android:name="io.flutter.plugins.firebase.messaging.FlutterFirebaseMessagingBackgroundService"
131-->[:firebase_messaging] AndroidManifest.xml:15:13-107
132            android:exported="false"
132-->[:firebase_messaging] AndroidManifest.xml:16:13-37
133            android:permission="android.permission.BIND_JOB_SERVICE" />
133-->[:firebase_messaging] AndroidManifest.xml:17:13-69
134        <service
134-->[:firebase_messaging] AndroidManifest.xml:18:9-24:19
135            android:name="io.flutter.plugins.firebase.messaging.FlutterFirebaseMessagingService"
135-->[:firebase_messaging] AndroidManifest.xml:19:13-97
136            android:exported="false" >
136-->[:firebase_messaging] AndroidManifest.xml:20:13-37
137            <intent-filter>
137-->[:firebase_messaging] AndroidManifest.xml:21:13-23:29
138                <action android:name="com.google.firebase.MESSAGING_EVENT" />
138-->[:firebase_messaging] AndroidManifest.xml:22:17-78
138-->[:firebase_messaging] AndroidManifest.xml:22:25-75
139            </intent-filter>
140        </service>
141
142        <receiver
142-->[:firebase_messaging] AndroidManifest.xml:26:9-33:20
143            android:name="io.flutter.plugins.firebase.messaging.FlutterFirebaseMessagingReceiver"
143-->[:firebase_messaging] AndroidManifest.xml:27:13-98
144            android:exported="true"
144-->[:firebase_messaging] AndroidManifest.xml:28:13-36
145            android:permission="com.google.android.c2dm.permission.SEND" >
145-->[:firebase_messaging] AndroidManifest.xml:29:13-73
146            <intent-filter>
146-->[:firebase_messaging] AndroidManifest.xml:30:13-32:29
147                <action android:name="com.google.android.c2dm.intent.RECEIVE" />
147-->[:firebase_messaging] AndroidManifest.xml:31:17-81
147-->[:firebase_messaging] AndroidManifest.xml:31:25-78
148            </intent-filter>
149        </receiver>
150
151        <provider
151-->[:firebase_messaging] AndroidManifest.xml:41:9-45:38
152            android:name="io.flutter.plugins.firebase.messaging.FlutterFirebaseMessagingInitProvider"
152-->[:firebase_messaging] AndroidManifest.xml:42:13-102
153            android:authorities="com.example.fitness_app.flutterfirebasemessaginginitprovider"
153-->[:firebase_messaging] AndroidManifest.xml:43:13-88
154            android:exported="false"
154-->[:firebase_messaging] AndroidManifest.xml:44:13-37
155            android:initOrder="99" />
155-->[:firebase_messaging] AndroidManifest.xml:45:13-35
156        <provider
156-->[:image_picker_android] AndroidManifest.xml:9:9-17:20
157            android:name="io.flutter.plugins.imagepicker.ImagePickerFileProvider"
157-->[:image_picker_android] AndroidManifest.xml:10:13-82
158            android:authorities="com.example.fitness_app.flutter.image_provider"
158-->[:image_picker_android] AndroidManifest.xml:11:13-74
159            android:exported="false"
159-->[:image_picker_android] AndroidManifest.xml:12:13-37
160            android:grantUriPermissions="true" >
160-->[:image_picker_android] AndroidManifest.xml:13:13-47
161            <meta-data
161-->[:image_picker_android] AndroidManifest.xml:14:13-16:75
162                android:name="android.support.FILE_PROVIDER_PATHS"
162-->[:image_picker_android] AndroidManifest.xml:15:17-67
163                android:resource="@xml/flutter_image_picker_file_paths" />
163-->[:image_picker_android] AndroidManifest.xml:16:17-72
164        </provider> <!-- Trigger Google Play services to install the backported photo picker module. -->
165        <service
165-->[:image_picker_android] AndroidManifest.xml:19:9-31:19
166            android:name="com.google.android.gms.metadata.ModuleDependencies"
166-->[:image_picker_android] AndroidManifest.xml:20:13-78
167            android:enabled="false"
167-->[:image_picker_android] AndroidManifest.xml:21:13-36
168            android:exported="false" >
168-->[:image_picker_android] AndroidManifest.xml:22:13-37
169            <intent-filter>
169-->[:image_picker_android] AndroidManifest.xml:24:13-26:29
170                <action android:name="com.google.android.gms.metadata.MODULE_DEPENDENCIES" />
170-->[:image_picker_android] AndroidManifest.xml:25:17-94
170-->[:image_picker_android] AndroidManifest.xml:25:25-91
171            </intent-filter>
172
173            <meta-data
173-->[:image_picker_android] AndroidManifest.xml:28:13-30:36
174                android:name="photopicker_activity:0:required"
174-->[:image_picker_android] AndroidManifest.xml:29:17-63
175                android:value="" />
175-->[:image_picker_android] AndroidManifest.xml:30:17-33
176        </service>
177        <service
177-->[:geolocator_android] AndroidManifest.xml:8:9-12:56
178            android:name="com.baseflow.geolocator.GeolocatorLocationService"
178-->[:geolocator_android] AndroidManifest.xml:9:13-77
179            android:enabled="true"
179-->[:geolocator_android] AndroidManifest.xml:10:13-35
180            android:exported="false"
180-->[:geolocator_android] AndroidManifest.xml:11:13-37
181            android:foregroundServiceType="location" />
181-->[:geolocator_android] AndroidManifest.xml:12:13-53
182
183        <activity
183-->[com.google.android.gms:play-services-auth:21.0.0] AndroidManifest.xml:23:9-27:75
184            android:name="com.google.android.gms.auth.api.signin.internal.SignInHubActivity"
184-->[com.google.android.gms:play-services-auth:21.0.0] AndroidManifest.xml:24:13-93
185            android:excludeFromRecents="true"
185-->[com.google.android.gms:play-services-auth:21.0.0] AndroidManifest.xml:25:13-46
186            android:exported="false"
186-->[com.google.android.gms:play-services-auth:21.0.0] AndroidManifest.xml:26:13-37
187            android:theme="@android:style/Theme.Translucent.NoTitleBar" />
187-->[com.google.android.gms:play-services-auth:21.0.0] AndroidManifest.xml:27:13-72
188        <!--
189            Service handling Google Sign-In user revocation. For apps that do not integrate with
190            Google Sign-In, this service will never be started.
191        -->
192        <service
192-->[com.google.android.gms:play-services-auth:21.0.0] AndroidManifest.xml:33:9-37:51
193            android:name="com.google.android.gms.auth.api.signin.RevocationBoundService"
193-->[com.google.android.gms:play-services-auth:21.0.0] AndroidManifest.xml:34:13-89
194            android:exported="true"
194-->[com.google.android.gms:play-services-auth:21.0.0] AndroidManifest.xml:35:13-36
195            android:permission="com.google.android.gms.auth.api.signin.permission.REVOCATION_NOTIFICATION"
195-->[com.google.android.gms:play-services-auth:21.0.0] AndroidManifest.xml:36:13-107
196            android:visibleToInstantApps="true" />
196-->[com.google.android.gms:play-services-auth:21.0.0] AndroidManifest.xml:37:13-48
197
198        <activity
198-->[com.google.firebase:firebase-auth:22.3.1] AndroidManifest.xml:29:9-46:20
199            android:name="com.google.firebase.auth.internal.GenericIdpActivity"
199-->[com.google.firebase:firebase-auth:22.3.1] AndroidManifest.xml:30:13-80
200            android:excludeFromRecents="true"
200-->[com.google.firebase:firebase-auth:22.3.1] AndroidManifest.xml:31:13-46
201            android:exported="true"
201-->[com.google.firebase:firebase-auth:22.3.1] AndroidManifest.xml:32:13-36
202            android:launchMode="singleTask"
202-->[com.google.firebase:firebase-auth:22.3.1] AndroidManifest.xml:33:13-44
203            android:theme="@android:style/Theme.Translucent.NoTitleBar" >
203-->[com.google.firebase:firebase-auth:22.3.1] AndroidManifest.xml:34:13-72
204            <intent-filter>
204-->[com.google.firebase:firebase-auth:22.3.1] AndroidManifest.xml:35:13-45:29
205                <action android:name="android.intent.action.VIEW" />
205-->[com.google.firebase:firebase-auth:22.3.1] AndroidManifest.xml:36:17-69
205-->[com.google.firebase:firebase-auth:22.3.1] AndroidManifest.xml:36:25-66
206
207                <category android:name="android.intent.category.DEFAULT" />
207-->[com.google.firebase:firebase-auth:22.3.1] AndroidManifest.xml:38:17-76
207-->[com.google.firebase:firebase-auth:22.3.1] AndroidManifest.xml:38:27-73
208                <category android:name="android.intent.category.BROWSABLE" />
208-->[com.google.firebase:firebase-auth:22.3.1] AndroidManifest.xml:39:17-78
208-->[com.google.firebase:firebase-auth:22.3.1] AndroidManifest.xml:39:27-75
209
210                <data
210-->src\main\AndroidManifest.xml:50:13-50
211                    android:host="firebase.auth"
212                    android:path="/"
213                    android:scheme="genericidp" />
214            </intent-filter>
215        </activity>
216        <activity
216-->[com.google.firebase:firebase-auth:22.3.1] AndroidManifest.xml:47:9-64:20
217            android:name="com.google.firebase.auth.internal.RecaptchaActivity"
217-->[com.google.firebase:firebase-auth:22.3.1] AndroidManifest.xml:48:13-79
218            android:excludeFromRecents="true"
218-->[com.google.firebase:firebase-auth:22.3.1] AndroidManifest.xml:49:13-46
219            android:exported="true"
219-->[com.google.firebase:firebase-auth:22.3.1] AndroidManifest.xml:50:13-36
220            android:launchMode="singleTask"
220-->[com.google.firebase:firebase-auth:22.3.1] AndroidManifest.xml:51:13-44
221            android:theme="@android:style/Theme.Translucent.NoTitleBar" >
221-->[com.google.firebase:firebase-auth:22.3.1] AndroidManifest.xml:52:13-72
222            <intent-filter>
222-->[com.google.firebase:firebase-auth:22.3.1] AndroidManifest.xml:53:13-63:29
223                <action android:name="android.intent.action.VIEW" />
223-->[com.google.firebase:firebase-auth:22.3.1] AndroidManifest.xml:36:17-69
223-->[com.google.firebase:firebase-auth:22.3.1] AndroidManifest.xml:36:25-66
224
225                <category android:name="android.intent.category.DEFAULT" />
225-->[com.google.firebase:firebase-auth:22.3.1] AndroidManifest.xml:38:17-76
225-->[com.google.firebase:firebase-auth:22.3.1] AndroidManifest.xml:38:27-73
226                <category android:name="android.intent.category.BROWSABLE" />
226-->[com.google.firebase:firebase-auth:22.3.1] AndroidManifest.xml:39:17-78
226-->[com.google.firebase:firebase-auth:22.3.1] AndroidManifest.xml:39:27-75
227
228                <data
228-->src\main\AndroidManifest.xml:50:13-50
229                    android:host="firebase.auth"
230                    android:path="/"
231                    android:scheme="recaptcha" />
232            </intent-filter>
233        </activity>
234
235        <receiver
235-->[com.google.firebase:firebase-messaging:23.4.1] AndroidManifest.xml:29:9-40:20
236            android:name="com.google.firebase.iid.FirebaseInstanceIdReceiver"
236-->[com.google.firebase:firebase-messaging:23.4.1] AndroidManifest.xml:30:13-78
237            android:exported="true"
237-->[com.google.firebase:firebase-messaging:23.4.1] AndroidManifest.xml:31:13-36
238            android:permission="com.google.android.c2dm.permission.SEND" >
238-->[com.google.firebase:firebase-messaging:23.4.1] AndroidManifest.xml:32:13-73
239            <intent-filter>
239-->[:firebase_messaging] AndroidManifest.xml:30:13-32:29
240                <action android:name="com.google.android.c2dm.intent.RECEIVE" />
240-->[:firebase_messaging] AndroidManifest.xml:31:17-81
240-->[:firebase_messaging] AndroidManifest.xml:31:25-78
241            </intent-filter>
242
243            <meta-data
243-->[com.google.firebase:firebase-messaging:23.4.1] AndroidManifest.xml:37:13-39:40
244                android:name="com.google.android.gms.cloudmessaging.FINISHED_AFTER_HANDLED"
244-->[com.google.firebase:firebase-messaging:23.4.1] AndroidManifest.xml:38:17-92
245                android:value="true" />
245-->[com.google.firebase:firebase-messaging:23.4.1] AndroidManifest.xml:39:17-37
246        </receiver>
247        <!--
248             FirebaseMessagingService performs security checks at runtime,
249             but set to not exported to explicitly avoid allowing another app to call it.
250        -->
251        <service
251-->[com.google.firebase:firebase-messaging:23.4.1] AndroidManifest.xml:46:9-53:19
252            android:name="com.google.firebase.messaging.FirebaseMessagingService"
252-->[com.google.firebase:firebase-messaging:23.4.1] AndroidManifest.xml:47:13-82
253            android:directBootAware="true"
253-->[com.google.firebase:firebase-messaging:23.4.1] AndroidManifest.xml:48:13-43
254            android:exported="false" >
254-->[com.google.firebase:firebase-messaging:23.4.1] AndroidManifest.xml:49:13-37
255            <intent-filter android:priority="-500" >
255-->[:firebase_messaging] AndroidManifest.xml:21:13-23:29
256                <action android:name="com.google.firebase.MESSAGING_EVENT" />
256-->[:firebase_messaging] AndroidManifest.xml:22:17-78
256-->[:firebase_messaging] AndroidManifest.xml:22:25-75
257            </intent-filter>
258        </service>
259
260        <provider
260-->[com.google.firebase:firebase-common:20.4.3] AndroidManifest.xml:23:9-28:39
261            android:name="com.google.firebase.provider.FirebaseInitProvider"
261-->[com.google.firebase:firebase-common:20.4.3] AndroidManifest.xml:24:13-77
262            android:authorities="com.example.fitness_app.firebaseinitprovider"
262-->[com.google.firebase:firebase-common:20.4.3] AndroidManifest.xml:25:13-72
263            android:directBootAware="true"
263-->[com.google.firebase:firebase-common:20.4.3] AndroidManifest.xml:26:13-43
264            android:exported="false"
264-->[com.google.firebase:firebase-common:20.4.3] AndroidManifest.xml:27:13-37
265            android:initOrder="100" />
265-->[com.google.firebase:firebase-common:20.4.3] AndroidManifest.xml:28:13-36
266
267        <activity
267-->[com.google.android.gms:play-services-base:18.3.0] AndroidManifest.xml:20:9-22:45
268            android:name="com.google.android.gms.common.api.GoogleApiActivity"
268-->[com.google.android.gms:play-services-base:18.3.0] AndroidManifest.xml:20:19-85
269            android:exported="false"
269-->[com.google.android.gms:play-services-base:18.3.0] AndroidManifest.xml:22:19-43
270            android:theme="@android:style/Theme.Translucent.NoTitleBar" />
270-->[com.google.android.gms:play-services-base:18.3.0] AndroidManifest.xml:21:19-78
271
272        <provider
272-->[androidx.lifecycle:lifecycle-process:2.7.0] AndroidManifest.xml:24:9-32:20
273            android:name="androidx.startup.InitializationProvider"
273-->[androidx.lifecycle:lifecycle-process:2.7.0] AndroidManifest.xml:25:13-67
274            android:authorities="com.example.fitness_app.androidx-startup"
274-->[androidx.lifecycle:lifecycle-process:2.7.0] AndroidManifest.xml:26:13-68
275            android:exported="false" >
275-->[androidx.lifecycle:lifecycle-process:2.7.0] AndroidManifest.xml:27:13-37
276            <meta-data
276-->[androidx.lifecycle:lifecycle-process:2.7.0] AndroidManifest.xml:29:13-31:52
277                android:name="androidx.lifecycle.ProcessLifecycleInitializer"
277-->[androidx.lifecycle:lifecycle-process:2.7.0] AndroidManifest.xml:30:17-78
278                android:value="androidx.startup" />
278-->[androidx.lifecycle:lifecycle-process:2.7.0] AndroidManifest.xml:31:17-49
279            <meta-data
279-->[androidx.profileinstaller:profileinstaller:1.3.1] AndroidManifest.xml:29:13-31:52
280                android:name="androidx.profileinstaller.ProfileInstallerInitializer"
280-->[androidx.profileinstaller:profileinstaller:1.3.1] AndroidManifest.xml:30:17-85
281                android:value="androidx.startup" />
281-->[androidx.profileinstaller:profileinstaller:1.3.1] AndroidManifest.xml:31:17-49
282        </provider>
283
284        <uses-library
284-->[androidx.window:window:1.2.0] AndroidManifest.xml:23:9-25:40
285            android:name="androidx.window.extensions"
285-->[androidx.window:window:1.2.0] AndroidManifest.xml:24:13-54
286            android:required="false" />
286-->[androidx.window:window:1.2.0] AndroidManifest.xml:25:13-37
287        <uses-library
287-->[androidx.window:window:1.2.0] AndroidManifest.xml:26:9-28:40
288            android:name="androidx.window.sidecar"
288-->[androidx.window:window:1.2.0] AndroidManifest.xml:27:13-51
289            android:required="false" />
289-->[androidx.window:window:1.2.0] AndroidManifest.xml:28:13-37
290
291        <meta-data
291-->[com.google.android.gms:play-services-basement:18.3.0] AndroidManifest.xml:21:9-23:69
292            android:name="com.google.android.gms.version"
292-->[com.google.android.gms:play-services-basement:18.3.0] AndroidManifest.xml:22:13-58
293            android:value="@integer/google_play_services_version" />
293-->[com.google.android.gms:play-services-basement:18.3.0] AndroidManifest.xml:23:13-66
294
295        <receiver
295-->[androidx.profileinstaller:profileinstaller:1.3.1] AndroidManifest.xml:34:9-52:20
296            android:name="androidx.profileinstaller.ProfileInstallReceiver"
296-->[androidx.profileinstaller:profileinstaller:1.3.1] AndroidManifest.xml:35:13-76
297            android:directBootAware="false"
297-->[androidx.profileinstaller:profileinstaller:1.3.1] AndroidManifest.xml:36:13-44
298            android:enabled="true"
298-->[androidx.profileinstaller:profileinstaller:1.3.1] AndroidManifest.xml:37:13-35
299            android:exported="true"
299-->[androidx.profileinstaller:profileinstaller:1.3.1] AndroidManifest.xml:38:13-36
300            android:permission="android.permission.DUMP" >
300-->[androidx.profileinstaller:profileinstaller:1.3.1] AndroidManifest.xml:39:13-57
301            <intent-filter>
301-->[androidx.profileinstaller:profileinstaller:1.3.1] AndroidManifest.xml:40:13-42:29
302                <action android:name="androidx.profileinstaller.action.INSTALL_PROFILE" />